<?xml version="1.0" encoding="UTF-8"?>
<testsuite xmlns:xsi="http://www.w3.org/2001/XMLSchema-instance" xsi:noNamespaceSchemaLocation="https://maven.apache.org/surefire/maven-surefire-plugin/xsd/surefire-test-report.xsd" name="com.kuang.Springboot09TaskApplicationTests" time="13.402" tests="1" errors="0" skipped="0" failures="0">
  <properties>
    <property name="sun.desktop" value="windows"/>
    <property name="awt.toolkit" value="sun.awt.windows.WToolkit"/>
    <property name="file.encoding.pkg" value="sun.io"/>
    <property name="java.specification.version" value="1.8"/>
    <property name="sun.cpu.isalist" value="amd64"/>
    <property name="sun.jnu.encoding" value="GBK"/>
    <property name="java.class.path" value="F:\idea2021work\springboot-09-task\target\test-classes;F:\idea2021work\springboot-09-task\target\classes;D:\environment\apache-maven-3.5.4\repository\org\springframework\boot\spring-boot-starter-mail\2.6.2\spring-boot-starter-mail-2.6.2.jar;D:\environment\apache-maven-3.5.4\repository\org\springframework\boot\spring-boot-starter\2.6.2\spring-boot-starter-2.6.2.jar;D:\environment\apache-maven-3.5.4\repository\org\springframework\boot\spring-boot\2.6.2\spring-boot-2.6.2.jar;D:\environment\apache-maven-3.5.4\repository\org\springframework\boot\spring-boot-autoconfigure\2.6.2\spring-boot-autoconfigure-2.6.2.jar;D:\environment\apache-maven-3.5.4\repository\org\springframework\boot\spring-boot-starter-logging\2.6.2\spring-boot-starter-logging-2.6.2.jar;D:\environment\apache-maven-3.5.4\repository\ch\qos\logback\logback-classic\1.2.9\logback-classic-1.2.9.jar;D:\environment\apache-maven-3.5.4\repository\ch\qos\logback\logback-core\1.2.9\logback-core-1.2.9.jar;D:\environment\apache-maven-3.5.4\repository\org\apache\logging\log4j\log4j-to-slf4j\2.17.0\log4j-to-slf4j-2.17.0.jar;D:\environment\apache-maven-3.5.4\repository\org\apache\logging\log4j\log4j-api\2.17.0\log4j-api-2.17.0.jar;D:\environment\apache-maven-3.5.4\repository\org\slf4j\jul-to-slf4j\1.7.32\jul-to-slf4j-1.7.32.jar;D:\environment\apache-maven-3.5.4\repository\jakarta\annotation\jakarta.annotation-api\1.3.5\jakarta.annotation-api-1.3.5.jar;D:\environment\apache-maven-3.5.4\repository\org\yaml\snakeyaml\1.29\snakeyaml-1.29.jar;D:\environment\apache-maven-3.5.4\repository\org\springframework\spring-context-support\5.3.14\spring-context-support-5.3.14.jar;D:\environment\apache-maven-3.5.4\repository\org\springframework\spring-beans\5.3.14\spring-beans-5.3.14.jar;D:\environment\apache-maven-3.5.4\repository\org\springframework\spring-context\5.3.14\spring-context-5.3.14.jar;D:\environment\apache-maven-3.5.4\repository\com\sun\mail\jakarta.mail\1.6.7\jakarta.mail-1.6.7.jar;D:\environment\apache-maven-3.5.4\repository\com\sun\activation\jakarta.activation\1.2.2\jakarta.activation-1.2.2.jar;D:\environment\apache-maven-3.5.4\repository\org\springframework\boot\spring-boot-starter-web\2.6.2\spring-boot-starter-web-2.6.2.jar;D:\environment\apache-maven-3.5.4\repository\org\springframework\boot\spring-boot-starter-json\2.6.2\spring-boot-starter-json-2.6.2.jar;D:\environment\apache-maven-3.5.4\repository\com\fasterxml\jackson\core\jackson-databind\2.13.1\jackson-databind-2.13.1.jar;D:\environment\apache-maven-3.5.4\repository\com\fasterxml\jackson\core\jackson-annotations\2.13.1\jackson-annotations-2.13.1.jar;D:\environment\apache-maven-3.5.4\repository\com\fasterxml\jackson\core\jackson-core\2.13.1\jackson-core-2.13.1.jar;D:\environment\apache-maven-3.5.4\repository\com\fasterxml\jackson\datatype\jackson-datatype-jdk8\2.13.1\jackson-datatype-jdk8-2.13.1.jar;D:\environment\apache-maven-3.5.4\repository\com\fasterxml\jackson\datatype\jackson-datatype-jsr310\2.13.1\jackson-datatype-jsr310-2.13.1.jar;D:\environment\apache-maven-3.5.4\repository\com\fasterxml\jackson\module\jackson-module-parameter-names\2.13.1\jackson-module-parameter-names-2.13.1.jar;D:\environment\apache-maven-3.5.4\repository\org\springframework\boot\spring-boot-starter-tomcat\2.6.2\spring-boot-starter-tomcat-2.6.2.jar;D:\environment\apache-maven-3.5.4\repository\org\apache\tomcat\embed\tomcat-embed-core\9.0.56\tomcat-embed-core-9.0.56.jar;D:\environment\apache-maven-3.5.4\repository\org\apache\tomcat\embed\tomcat-embed-el\9.0.56\tomcat-embed-el-9.0.56.jar;D:\environment\apache-maven-3.5.4\repository\org\apache\tomcat\embed\tomcat-embed-websocket\9.0.56\tomcat-embed-websocket-9.0.56.jar;D:\environment\apache-maven-3.5.4\repository\org\springframework\spring-web\5.3.14\spring-web-5.3.14.jar;D:\environment\apache-maven-3.5.4\repository\org\springframework\spring-webmvc\5.3.14\spring-webmvc-5.3.14.jar;D:\environment\apache-maven-3.5.4\repository\org\springframework\spring-aop\5.3.14\spring-aop-5.3.14.jar;D:\environment\apache-maven-3.5.4\repository\org\springframework\spring-expression\5.3.14\spring-expression-5.3.14.jar;D:\environment\apache-maven-3.5.4\repository\org\springframework\boot\spring-boot-starter-test\2.6.2\spring-boot-starter-test-2.6.2.jar;D:\environment\apache-maven-3.5.4\repository\org\springframework\boot\spring-boot-test\2.6.2\spring-boot-test-2.6.2.jar;D:\environment\apache-maven-3.5.4\repository\org\springframework\boot\spring-boot-test-autoconfigure\2.6.2\spring-boot-test-autoconfigure-2.6.2.jar;D:\environment\apache-maven-3.5.4\repository\com\jayway\jsonpath\json-path\2.6.0\json-path-2.6.0.jar;D:\environment\apache-maven-3.5.4\repository\net\minidev\json-smart\2.4.7\json-smart-2.4.7.jar;D:\environment\apache-maven-3.5.4\repository\net\minidev\accessors-smart\2.4.7\accessors-smart-2.4.7.jar;D:\environment\apache-maven-3.5.4\repository\org\ow2\asm\asm\9.1\asm-9.1.jar;D:\environment\apache-maven-3.5.4\repository\org\slf4j\slf4j-api\1.7.32\slf4j-api-1.7.32.jar;D:\environment\apache-maven-3.5.4\repository\jakarta\xml\bind\jakarta.xml.bind-api\2.3.3\jakarta.xml.bind-api-2.3.3.jar;D:\environment\apache-maven-3.5.4\repository\jakarta\activation\jakarta.activation-api\1.2.2\jakarta.activation-api-1.2.2.jar;D:\environment\apache-maven-3.5.4\repository\org\assertj\assertj-core\3.21.0\assertj-core-3.21.0.jar;D:\environment\apache-maven-3.5.4\repository\org\hamcrest\hamcrest\2.2\hamcrest-2.2.jar;D:\environment\apache-maven-3.5.4\repository\org\junit\jupiter\junit-jupiter\5.8.2\junit-jupiter-5.8.2.jar;D:\environment\apache-maven-3.5.4\repository\org\junit\jupiter\junit-jupiter-api\5.8.2\junit-jupiter-api-5.8.2.jar;D:\environment\apache-maven-3.5.4\repository\org\opentest4j\opentest4j\1.2.0\opentest4j-1.2.0.jar;D:\environment\apache-maven-3.5.4\repository\org\junit\platform\junit-platform-commons\1.8.2\junit-platform-commons-1.8.2.jar;D:\environment\apache-maven-3.5.4\repository\org\apiguardian\apiguardian-api\1.1.2\apiguardian-api-1.1.2.jar;D:\environment\apache-maven-3.5.4\repository\org\junit\jupiter\junit-jupiter-params\5.8.2\junit-jupiter-params-5.8.2.jar;D:\environment\apache-maven-3.5.4\repository\org\junit\jupiter\junit-jupiter-engine\5.8.2\junit-jupiter-engine-5.8.2.jar;D:\environment\apache-maven-3.5.4\repository\org\junit\platform\junit-platform-engine\1.8.2\junit-platform-engine-1.8.2.jar;D:\environment\apache-maven-3.5.4\repository\org\mockito\mockito-core\4.0.0\mockito-core-4.0.0.jar;D:\environment\apache-maven-3.5.4\repository\net\bytebuddy\byte-buddy\1.11.22\byte-buddy-1.11.22.jar;D:\environment\apache-maven-3.5.4\repository\net\bytebuddy\byte-buddy-agent\1.11.22\byte-buddy-agent-1.11.22.jar;D:\environment\apache-maven-3.5.4\repository\org\objenesis\objenesis\3.2\objenesis-3.2.jar;D:\environment\apache-maven-3.5.4\repository\org\mockito\mockito-junit-jupiter\4.0.0\mockito-junit-jupiter-4.0.0.jar;D:\environment\apache-maven-3.5.4\repository\org\skyscreamer\jsonassert\1.5.0\jsonassert-1.5.0.jar;D:\environment\apache-maven-3.5.4\repository\com\vaadin\external\google\android-json\0.0.20131108.vaadin1\android-json-0.0.20131108.vaadin1.jar;D:\environment\apache-maven-3.5.4\repository\org\springframework\spring-core\5.3.14\spring-core-5.3.14.jar;D:\environment\apache-maven-3.5.4\repository\org\springframework\spring-jcl\5.3.14\spring-jcl-5.3.14.jar;D:\environment\apache-maven-3.5.4\repository\org\springframework\spring-test\5.3.14\spring-test-5.3.14.jar;D:\environment\apache-maven-3.5.4\repository\org\xmlunit\xmlunit-core\2.8.4\xmlunit-core-2.8.4.jar;"/>
    <property name="java.vm.vendor" value="Oracle Corporation"/>
    <property name="sun.arch.data.model" value="64"/>
    <property name="user.variant" value=""/>
    <property name="java.vendor.url" value="http://java.oracle.com/"/>
    <property name="user.timezone" value="Asia/Shanghai"/>
    <property name="java.vm.specification.version" value="1.8"/>
    <property name="os.name" value="Windows 10"/>
    <property name="user.country" value="CN"/>
    <property name="sun.java.launcher" value="SUN_STANDARD"/>
    <property name="sun.boot.library.path" value="D:\environment\jdk\jre\bin"/>
    <property name="sun.java.command" value="C:\Users\admin\AppData\Local\Temp\surefire1845384085058370213\surefirebooter6556950523833245072.jar C:\Users\admin\AppData\Local\Temp\surefire1845384085058370213 2022-01-06T16-11-47_815-jvmRun1 surefire2448515571100724757tmp surefire_01873558107804744759tmp"/>
    <property name="surefire.test.class.path" value="F:\idea2021work\springboot-09-task\target\test-classes;F:\idea2021work\springboot-09-task\target\classes;D:\environment\apache-maven-3.5.4\repository\org\springframework\boot\spring-boot-starter-mail\2.6.2\spring-boot-starter-mail-2.6.2.jar;D:\environment\apache-maven-3.5.4\repository\org\springframework\boot\spring-boot-starter\2.6.2\spring-boot-starter-2.6.2.jar;D:\environment\apache-maven-3.5.4\repository\org\springframework\boot\spring-boot\2.6.2\spring-boot-2.6.2.jar;D:\environment\apache-maven-3.5.4\repository\org\springframework\boot\spring-boot-autoconfigure\2.6.2\spring-boot-autoconfigure-2.6.2.jar;D:\environment\apache-maven-3.5.4\repository\org\springframework\boot\spring-boot-starter-logging\2.6.2\spring-boot-starter-logging-2.6.2.jar;D:\environment\apache-maven-3.5.4\repository\ch\qos\logback\logback-classic\1.2.9\logback-classic-1.2.9.jar;D:\environment\apache-maven-3.5.4\repository\ch\qos\logback\logback-core\1.2.9\logback-core-1.2.9.jar;D:\environment\apache-maven-3.5.4\repository\org\apache\logging\log4j\log4j-to-slf4j\2.17.0\log4j-to-slf4j-2.17.0.jar;D:\environment\apache-maven-3.5.4\repository\org\apache\logging\log4j\log4j-api\2.17.0\log4j-api-2.17.0.jar;D:\environment\apache-maven-3.5.4\repository\org\slf4j\jul-to-slf4j\1.7.32\jul-to-slf4j-1.7.32.jar;D:\environment\apache-maven-3.5.4\repository\jakarta\annotation\jakarta.annotation-api\1.3.5\jakarta.annotation-api-1.3.5.jar;D:\environment\apache-maven-3.5.4\repository\org\yaml\snakeyaml\1.29\snakeyaml-1.29.jar;D:\environment\apache-maven-3.5.4\repository\org\springframework\spring-context-support\5.3.14\spring-context-support-5.3.14.jar;D:\environment\apache-maven-3.5.4\repository\org\springframework\spring-beans\5.3.14\spring-beans-5.3.14.jar;D:\environment\apache-maven-3.5.4\repository\org\springframework\spring-context\5.3.14\spring-context-5.3.14.jar;D:\environment\apache-maven-3.5.4\repository\com\sun\mail\jakarta.mail\1.6.7\jakarta.mail-1.6.7.jar;D:\environment\apache-maven-3.5.4\repository\com\sun\activation\jakarta.activation\1.2.2\jakarta.activation-1.2.2.jar;D:\environment\apache-maven-3.5.4\repository\org\springframework\boot\spring-boot-starter-web\2.6.2\spring-boot-starter-web-2.6.2.jar;D:\environment\apache-maven-3.5.4\repository\org\springframework\boot\spring-boot-starter-json\2.6.2\spring-boot-starter-json-2.6.2.jar;D:\environment\apache-maven-3.5.4\repository\com\fasterxml\jackson\core\jackson-databind\2.13.1\jackson-databind-2.13.1.jar;D:\environment\apache-maven-3.5.4\repository\com\fasterxml\jackson\core\jackson-annotations\2.13.1\jackson-annotations-2.13.1.jar;D:\environment\apache-maven-3.5.4\repository\com\fasterxml\jackson\core\jackson-core\2.13.1\jackson-core-2.13.1.jar;D:\environment\apache-maven-3.5.4\repository\com\fasterxml\jackson\datatype\jackson-datatype-jdk8\2.13.1\jackson-datatype-jdk8-2.13.1.jar;D:\environment\apache-maven-3.5.4\repository\com\fasterxml\jackson\datatype\jackson-datatype-jsr310\2.13.1\jackson-datatype-jsr310-2.13.1.jar;D:\environment\apache-maven-3.5.4\repository\com\fasterxml\jackson\module\jackson-module-parameter-names\2.13.1\jackson-module-parameter-names-2.13.1.jar;D:\environment\apache-maven-3.5.4\repository\org\springframework\boot\spring-boot-starter-tomcat\2.6.2\spring-boot-starter-tomcat-2.6.2.jar;D:\environment\apache-maven-3.5.4\repository\org\apache\tomcat\embed\tomcat-embed-core\9.0.56\tomcat-embed-core-9.0.56.jar;D:\environment\apache-maven-3.5.4\repository\org\apache\tomcat\embed\tomcat-embed-el\9.0.56\tomcat-embed-el-9.0.56.jar;D:\environment\apache-maven-3.5.4\repository\org\apache\tomcat\embed\tomcat-embed-websocket\9.0.56\tomcat-embed-websocket-9.0.56.jar;D:\environment\apache-maven-3.5.4\repository\org\springframework\spring-web\5.3.14\spring-web-5.3.14.jar;D:\environment\apache-maven-3.5.4\repository\org\springframework\spring-webmvc\5.3.14\spring-webmvc-5.3.14.jar;D:\environment\apache-maven-3.5.4\repository\org\springframework\spring-aop\5.3.14\spring-aop-5.3.14.jar;D:\environment\apache-maven-3.5.4\repository\org\springframework\spring-expression\5.3.14\spring-expression-5.3.14.jar;D:\environment\apache-maven-3.5.4\repository\org\springframework\boot\spring-boot-starter-test\2.6.2\spring-boot-starter-test-2.6.2.jar;D:\environment\apache-maven-3.5.4\repository\org\springframework\boot\spring-boot-test\2.6.2\spring-boot-test-2.6.2.jar;D:\environment\apache-maven-3.5.4\repository\org\springframework\boot\spring-boot-test-autoconfigure\2.6.2\spring-boot-test-autoconfigure-2.6.2.jar;D:\environment\apache-maven-3.5.4\repository\com\jayway\jsonpath\json-path\2.6.0\json-path-2.6.0.jar;D:\environment\apache-maven-3.5.4\repository\net\minidev\json-smart\2.4.7\json-smart-2.4.7.jar;D:\environment\apache-maven-3.5.4\repository\net\minidev\accessors-smart\2.4.7\accessors-smart-2.4.7.jar;D:\environment\apache-maven-3.5.4\repository\org\ow2\asm\asm\9.1\asm-9.1.jar;D:\environment\apache-maven-3.5.4\repository\org\slf4j\slf4j-api\1.7.32\slf4j-api-1.7.32.jar;D:\environment\apache-maven-3.5.4\repository\jakarta\xml\bind\jakarta.xml.bind-api\2.3.3\jakarta.xml.bind-api-2.3.3.jar;D:\environment\apache-maven-3.5.4\repository\jakarta\activation\jakarta.activation-api\1.2.2\jakarta.activation-api-1.2.2.jar;D:\environment\apache-maven-3.5.4\repository\org\assertj\assertj-core\3.21.0\assertj-core-3.21.0.jar;D:\environment\apache-maven-3.5.4\repository\org\hamcrest\hamcrest\2.2\hamcrest-2.2.jar;D:\environment\apache-maven-3.5.4\repository\org\junit\jupiter\junit-jupiter\5.8.2\junit-jupiter-5.8.2.jar;D:\environment\apache-maven-3.5.4\repository\org\junit\jupiter\junit-jupiter-api\5.8.2\junit-jupiter-api-5.8.2.jar;D:\environment\apache-maven-3.5.4\repository\org\opentest4j\opentest4j\1.2.0\opentest4j-1.2.0.jar;D:\environment\apache-maven-3.5.4\repository\org\junit\platform\junit-platform-commons\1.8.2\junit-platform-commons-1.8.2.jar;D:\environment\apache-maven-3.5.4\repository\org\apiguardian\apiguardian-api\1.1.2\apiguardian-api-1.1.2.jar;D:\environment\apache-maven-3.5.4\repository\org\junit\jupiter\junit-jupiter-params\5.8.2\junit-jupiter-params-5.8.2.jar;D:\environment\apache-maven-3.5.4\repository\org\junit\jupiter\junit-jupiter-engine\5.8.2\junit-jupiter-engine-5.8.2.jar;D:\environment\apache-maven-3.5.4\repository\org\junit\platform\junit-platform-engine\1.8.2\junit-platform-engine-1.8.2.jar;D:\environment\apache-maven-3.5.4\repository\org\mockito\mockito-core\4.0.0\mockito-core-4.0.0.jar;D:\environment\apache-maven-3.5.4\repository\net\bytebuddy\byte-buddy\1.11.22\byte-buddy-1.11.22.jar;D:\environment\apache-maven-3.5.4\repository\net\bytebuddy\byte-buddy-agent\1.11.22\byte-buddy-agent-1.11.22.jar;D:\environment\apache-maven-3.5.4\repository\org\objenesis\objenesis\3.2\objenesis-3.2.jar;D:\environment\apache-maven-3.5.4\repository\org\mockito\mockito-junit-jupiter\4.0.0\mockito-junit-jupiter-4.0.0.jar;D:\environment\apache-maven-3.5.4\repository\org\skyscreamer\jsonassert\1.5.0\jsonassert-1.5.0.jar;D:\environment\apache-maven-3.5.4\repository\com\vaadin\external\google\android-json\0.0.20131108.vaadin1\android-json-0.0.20131108.vaadin1.jar;D:\environment\apache-maven-3.5.4\repository\org\springframework\spring-core\5.3.14\spring-core-5.3.14.jar;D:\environment\apache-maven-3.5.4\repository\org\springframework\spring-jcl\5.3.14\spring-jcl-5.3.14.jar;D:\environment\apache-maven-3.5.4\repository\org\springframework\spring-test\5.3.14\spring-test-5.3.14.jar;D:\environment\apache-maven-3.5.4\repository\org\xmlunit\xmlunit-core\2.8.4\xmlunit-core-2.8.4.jar;"/>
    <property name="sun.cpu.endian" value="little"/>
    <property name="user.home" value="C:\Users\admin"/>
    <property name="user.language" value="zh"/>
    <property name="java.specification.vendor" value="Oracle Corporation"/>
    <property name="java.home" value="D:\environment\jdk\jre"/>
    <property name="basedir" value="F:\idea2021work\springboot-09-task"/>
    <property name="file.separator" value="\"/>
    <property name="line.separator" value="&#10;"/>
    <property name="java.vm.specification.vendor" value="Oracle Corporation"/>
    <property name="java.specification.name" value="Java Platform API Specification"/>
    <property name="java.awt.graphicsenv" value="sun.awt.Win32GraphicsEnvironment"/>
    <property name="surefire.real.class.path" value="C:\Users\admin\AppData\Local\Temp\surefire1845384085058370213\surefirebooter6556950523833245072.jar"/>
    <property name="sun.boot.class.path" value="D:\environment\jdk\jre\lib\resources.jar;D:\environment\jdk\jre\lib\rt.jar;D:\environment\jdk\jre\lib\sunrsasign.jar;D:\environment\jdk\jre\lib\jsse.jar;D:\environment\jdk\jre\lib\jce.jar;D:\environment\jdk\jre\lib\charsets.jar;D:\environment\jdk\jre\lib\jfr.jar;D:\environment\jdk\jre\classes"/>
    <property name="user.script" value=""/>
    <property name="sun.management.compiler" value="HotSpot 64-Bit Tiered Compilers"/>
    <property name="java.runtime.version" value="1.8.0_152-b16"/>
    <property name="user.name" value="admin"/>
    <property name="path.separator" value=";"/>
    <property name="os.version" value="10.0"/>
    <property name="java.endorsed.dirs" value="D:\environment\jdk\jre\lib\endorsed"/>
    <property name="java.runtime.name" value="Java(TM) SE Runtime Environment"/>
    <property name="file.encoding" value="GBK"/>
    <property name="java.vm.name" value="Java HotSpot(TM) 64-Bit Server VM"/>
    <property name="localRepository" value="D:\environment\apache-maven-3.5.4\repository"/>
    <property name="java.vendor.url.bug" value="http://bugreport.sun.com/bugreport/"/>
    <property name="java.io.tmpdir" value="C:\Users\admin\AppData\Local\Temp\"/>
    <property name="idea.version" value="2021.1"/>
    <property name="java.version" value="1.8.0_152"/>
    <property name="user.dir" value="F:\idea2021work\springboot-09-task"/>
    <property name="os.arch" value="amd64"/>
    <property name="java.vm.specification.name" value="Java Virtual Machine Specification"/>
    <property name="java.awt.printerjob" value="sun.awt.windows.WPrinterJob"/>
    <property name="sun.os.patch.level" value=""/>
    <property name="java.library.path" value="D:\environment\jdk\jre\bin;C:\Windows\Sun\Java\bin;C:\Windows\system32;C:\Windows;C:\ProgramData\Oracle\Java\javapath;C:\Windows\system32;C:\Windows;C:\Windows\System32\Wbem;C:\Windows\System32\WindowsPowerShell\v1.0\;C:\Windows\System32\OpenSSH\;D:\environment\jdk\bin;D:\environment\jdk\jre\bin;D:\environment\node.js\;D:\environment\git\PortableGit\cmd;E:\xshell\;D:\environment\apache-maven-3.5.4\bin;D:\environment\mysql\mysql-5.7.26-winx64\bin;C:\Users\admin\AppData\Local\Microsoft\WindowsApps;;E:\idea2021\IntelliJ IDEA 2021.1\bin;;C:\Users\admin\AppData\Roaming\npm;."/>
    <property name="java.vm.info" value="mixed mode"/>
    <property name="java.vendor" value="Oracle Corporation"/>
    <property name="java.vm.version" value="25.152-b16"/>
    <property name="java.ext.dirs" value="D:\environment\jdk\jre\lib\ext;C:\Windows\Sun\Java\lib\ext"/>
    <property name="sun.io.unicode.encoding" value="UnicodeLittle"/>
    <property name="java.class.version" value="52.0"/>
  </properties>
  <testcase name="contextLoads" classname="com.kuang.Springboot09TaskApplicationTests" time="6.693"/>
</testsuite>