<?xml version="1.0" encoding="UTF-8"?>
<testsuite xmlns:xsi="http://www.w3.org/2001/XMLSchema-instance" xsi:noNamespaceSchemaLocation="https://maven.apache.org/surefire/maven-surefire-plugin/xsd/surefire-test-report.xsd" name="com.atguigu.admin.Boot05WebAdminApplicationTests" time="27.826" tests="3" errors="1" skipped="0" failures="0">
  <properties>
    <property name="sun.desktop" value="windows"/>
    <property name="awt.toolkit" value="sun.awt.windows.WToolkit"/>
    <property name="file.encoding.pkg" value="sun.io"/>
    <property name="java.specification.version" value="1.8"/>
    <property name="sun.cpu.isalist" value="amd64"/>
    <property name="sun.jnu.encoding" value="GBK"/>
    <property name="java.class.path" value="F:\idea2021work\boot-05-web-admin\target\test-classes;F:\idea2021work\boot-05-web-admin\target\classes;D:\environment\apache-maven-3.5.4\repository\org\springframework\boot\spring-boot-starter-thymeleaf\2.6.0\spring-boot-starter-thymeleaf-2.6.0.jar;D:\environment\apache-maven-3.5.4\repository\org\springframework\boot\spring-boot-starter\2.6.0\spring-boot-starter-2.6.0.jar;D:\environment\apache-maven-3.5.4\repository\org\springframework\boot\spring-boot-starter-logging\2.6.0\spring-boot-starter-logging-2.6.0.jar;D:\environment\apache-maven-3.5.4\repository\ch\qos\logback\logback-classic\1.2.7\logback-classic-1.2.7.jar;D:\environment\apache-maven-3.5.4\repository\ch\qos\logback\logback-core\1.2.7\logback-core-1.2.7.jar;D:\environment\apache-maven-3.5.4\repository\org\apache\logging\log4j\log4j-to-slf4j\2.14.1\log4j-to-slf4j-2.14.1.jar;D:\environment\apache-maven-3.5.4\repository\org\apache\logging\log4j\log4j-api\2.14.1\log4j-api-2.14.1.jar;D:\environment\apache-maven-3.5.4\repository\org\slf4j\jul-to-slf4j\1.7.32\jul-to-slf4j-1.7.32.jar;D:\environment\apache-maven-3.5.4\repository\jakarta\annotation\jakarta.annotation-api\1.3.5\jakarta.annotation-api-1.3.5.jar;D:\environment\apache-maven-3.5.4\repository\org\yaml\snakeyaml\1.29\snakeyaml-1.29.jar;D:\environment\apache-maven-3.5.4\repository\org\thymeleaf\thymeleaf-spring5\3.0.12.RELEASE\thymeleaf-spring5-3.0.12.RELEASE.jar;D:\environment\apache-maven-3.5.4\repository\org\thymeleaf\thymeleaf\3.0.12.RELEASE\thymeleaf-3.0.12.RELEASE.jar;D:\environment\apache-maven-3.5.4\repository\org\attoparser\attoparser\2.0.5.RELEASE\attoparser-2.0.5.RELEASE.jar;D:\environment\apache-maven-3.5.4\repository\org\unbescape\unbescape\1.1.6.RELEASE\unbescape-1.1.6.RELEASE.jar;D:\environment\apache-maven-3.5.4\repository\org\thymeleaf\extras\thymeleaf-extras-java8time\3.0.4.RELEASE\thymeleaf-extras-java8time-3.0.4.RELEASE.jar;D:\environment\apache-maven-3.5.4\repository\org\springframework\boot\spring-boot-starter-web\2.6.0\spring-boot-starter-web-2.6.0.jar;D:\environment\apache-maven-3.5.4\repository\org\springframework\boot\spring-boot-starter-json\2.6.0\spring-boot-starter-json-2.6.0.jar;D:\environment\apache-maven-3.5.4\repository\com\fasterxml\jackson\core\jackson-databind\2.13.0\jackson-databind-2.13.0.jar;D:\environment\apache-maven-3.5.4\repository\com\fasterxml\jackson\core\jackson-annotations\2.13.0\jackson-annotations-2.13.0.jar;D:\environment\apache-maven-3.5.4\repository\com\fasterxml\jackson\core\jackson-core\2.13.0\jackson-core-2.13.0.jar;D:\environment\apache-maven-3.5.4\repository\com\fasterxml\jackson\datatype\jackson-datatype-jdk8\2.13.0\jackson-datatype-jdk8-2.13.0.jar;D:\environment\apache-maven-3.5.4\repository\com\fasterxml\jackson\datatype\jackson-datatype-jsr310\2.13.0\jackson-datatype-jsr310-2.13.0.jar;D:\environment\apache-maven-3.5.4\repository\com\fasterxml\jackson\module\jackson-module-parameter-names\2.13.0\jackson-module-parameter-names-2.13.0.jar;D:\environment\apache-maven-3.5.4\repository\org\springframework\boot\spring-boot-starter-tomcat\2.6.0\spring-boot-starter-tomcat-2.6.0.jar;D:\environment\apache-maven-3.5.4\repository\org\apache\tomcat\embed\tomcat-embed-core\9.0.55\tomcat-embed-core-9.0.55.jar;D:\environment\apache-maven-3.5.4\repository\org\apache\tomcat\embed\tomcat-embed-el\9.0.55\tomcat-embed-el-9.0.55.jar;D:\environment\apache-maven-3.5.4\repository\org\apache\tomcat\embed\tomcat-embed-websocket\9.0.55\tomcat-embed-websocket-9.0.55.jar;D:\environment\apache-maven-3.5.4\repository\org\springframework\spring-web\5.3.13\spring-web-5.3.13.jar;D:\environment\apache-maven-3.5.4\repository\org\springframework\spring-beans\5.3.13\spring-beans-5.3.13.jar;D:\environment\apache-maven-3.5.4\repository\org\springframework\spring-webmvc\5.3.13\spring-webmvc-5.3.13.jar;D:\environment\apache-maven-3.5.4\repository\org\springframework\spring-aop\5.3.13\spring-aop-5.3.13.jar;D:\environment\apache-maven-3.5.4\repository\org\springframework\spring-context\5.3.13\spring-context-5.3.13.jar;D:\environment\apache-maven-3.5.4\repository\org\springframework\spring-expression\5.3.13\spring-expression-5.3.13.jar;D:\environment\apache-maven-3.5.4\repository\org\springframework\boot\spring-boot-devtools\2.6.0\spring-boot-devtools-2.6.0.jar;D:\environment\apache-maven-3.5.4\repository\org\springframework\boot\spring-boot\2.6.0\spring-boot-2.6.0.jar;D:\environment\apache-maven-3.5.4\repository\org\springframework\boot\spring-boot-autoconfigure\2.6.0\spring-boot-autoconfigure-2.6.0.jar;D:\environment\apache-maven-3.5.4\repository\org\springframework\boot\spring-boot-configuration-processor\2.6.0\spring-boot-configuration-processor-2.6.0.jar;D:\environment\apache-maven-3.5.4\repository\org\projectlombok\lombok\1.18.22\lombok-1.18.22.jar;D:\environment\apache-maven-3.5.4\repository\org\springframework\boot\spring-boot-starter-test\2.6.0\spring-boot-starter-test-2.6.0.jar;D:\environment\apache-maven-3.5.4\repository\org\springframework\boot\spring-boot-test\2.6.0\spring-boot-test-2.6.0.jar;D:\environment\apache-maven-3.5.4\repository\org\springframework\boot\spring-boot-test-autoconfigure\2.6.0\spring-boot-test-autoconfigure-2.6.0.jar;D:\environment\apache-maven-3.5.4\repository\com\jayway\jsonpath\json-path\2.6.0\json-path-2.6.0.jar;D:\environment\apache-maven-3.5.4\repository\net\minidev\json-smart\2.4.7\json-smart-2.4.7.jar;D:\environment\apache-maven-3.5.4\repository\net\minidev\accessors-smart\2.4.7\accessors-smart-2.4.7.jar;D:\environment\apache-maven-3.5.4\repository\org\ow2\asm\asm\9.1\asm-9.1.jar;D:\environment\apache-maven-3.5.4\repository\jakarta\xml\bind\jakarta.xml.bind-api\2.3.3\jakarta.xml.bind-api-2.3.3.jar;D:\environment\apache-maven-3.5.4\repository\jakarta\activation\jakarta.activation-api\1.2.2\jakarta.activation-api-1.2.2.jar;D:\environment\apache-maven-3.5.4\repository\org\assertj\assertj-core\3.21.0\assertj-core-3.21.0.jar;D:\environment\apache-maven-3.5.4\repository\org\hamcrest\hamcrest\2.2\hamcrest-2.2.jar;D:\environment\apache-maven-3.5.4\repository\org\junit\jupiter\junit-jupiter\5.8.1\junit-jupiter-5.8.1.jar;D:\environment\apache-maven-3.5.4\repository\org\junit\jupiter\junit-jupiter-api\5.8.1\junit-jupiter-api-5.8.1.jar;D:\environment\apache-maven-3.5.4\repository\org\opentest4j\opentest4j\1.2.0\opentest4j-1.2.0.jar;D:\environment\apache-maven-3.5.4\repository\org\junit\platform\junit-platform-commons\1.8.1\junit-platform-commons-1.8.1.jar;D:\environment\apache-maven-3.5.4\repository\org\apiguardian\apiguardian-api\1.1.2\apiguardian-api-1.1.2.jar;D:\environment\apache-maven-3.5.4\repository\org\junit\jupiter\junit-jupiter-params\5.8.1\junit-jupiter-params-5.8.1.jar;D:\environment\apache-maven-3.5.4\repository\org\junit\jupiter\junit-jupiter-engine\5.8.1\junit-jupiter-engine-5.8.1.jar;D:\environment\apache-maven-3.5.4\repository\org\junit\platform\junit-platform-engine\1.8.1\junit-platform-engine-1.8.1.jar;D:\environment\apache-maven-3.5.4\repository\org\mockito\mockito-core\4.0.0\mockito-core-4.0.0.jar;D:\environment\apache-maven-3.5.4\repository\net\bytebuddy\byte-buddy\1.11.22\byte-buddy-1.11.22.jar;D:\environment\apache-maven-3.5.4\repository\net\bytebuddy\byte-buddy-agent\1.11.22\byte-buddy-agent-1.11.22.jar;D:\environment\apache-maven-3.5.4\repository\org\objenesis\objenesis\3.2\objenesis-3.2.jar;D:\environment\apache-maven-3.5.4\repository\org\mockito\mockito-junit-jupiter\4.0.0\mockito-junit-jupiter-4.0.0.jar;D:\environment\apache-maven-3.5.4\repository\org\skyscreamer\jsonassert\1.5.0\jsonassert-1.5.0.jar;D:\environment\apache-maven-3.5.4\repository\com\vaadin\external\google\android-json\0.0.20131108.vaadin1\android-json-0.0.20131108.vaadin1.jar;D:\environment\apache-maven-3.5.4\repository\org\springframework\spring-core\5.3.13\spring-core-5.3.13.jar;D:\environment\apache-maven-3.5.4\repository\org\springframework\spring-jcl\5.3.13\spring-jcl-5.3.13.jar;D:\environment\apache-maven-3.5.4\repository\org\springframework\spring-test\5.3.13\spring-test-5.3.13.jar;D:\environment\apache-maven-3.5.4\repository\org\xmlunit\xmlunit-core\2.8.3\xmlunit-core-2.8.3.jar;D:\environment\apache-maven-3.5.4\repository\mysql\mysql-connector-java\5.1.46\mysql-connector-java-5.1.46.jar;D:\environment\apache-maven-3.5.4\repository\com\alibaba\druid-spring-boot-starter\1.1.17\druid-spring-boot-starter-1.1.17.jar;D:\environment\apache-maven-3.5.4\repository\com\alibaba\druid\1.1.17\druid-1.1.17.jar;D:\environment\apache-maven-3.5.4\repository\org\slf4j\slf4j-api\1.7.32\slf4j-api-1.7.32.jar;D:\environment\apache-maven-3.5.4\repository\com\baomidou\mybatis-plus-boot-starter\3.4.1\mybatis-plus-boot-starter-3.4.1.jar;D:\environment\apache-maven-3.5.4\repository\com\baomidou\mybatis-plus\3.4.1\mybatis-plus-3.4.1.jar;D:\environment\apache-maven-3.5.4\repository\com\baomidou\mybatis-plus-extension\3.4.1\mybatis-plus-extension-3.4.1.jar;D:\environment\apache-maven-3.5.4\repository\com\baomidou\mybatis-plus-core\3.4.1\mybatis-plus-core-3.4.1.jar;D:\environment\apache-maven-3.5.4\repository\com\baomidou\mybatis-plus-annotation\3.4.1\mybatis-plus-annotation-3.4.1.jar;D:\environment\apache-maven-3.5.4\repository\com\github\jsqlparser\jsqlparser\3.2\jsqlparser-3.2.jar;D:\environment\apache-maven-3.5.4\repository\org\mybatis\mybatis\3.5.6\mybatis-3.5.6.jar;D:\environment\apache-maven-3.5.4\repository\org\mybatis\mybatis-spring\2.0.5\mybatis-spring-2.0.5.jar;D:\environment\apache-maven-3.5.4\repository\org\springframework\boot\spring-boot-starter-jdbc\2.6.0\spring-boot-starter-jdbc-2.6.0.jar;D:\environment\apache-maven-3.5.4\repository\com\zaxxer\HikariCP\4.0.3\HikariCP-4.0.3.jar;D:\environment\apache-maven-3.5.4\repository\org\springframework\spring-jdbc\5.3.13\spring-jdbc-5.3.13.jar;D:\environment\apache-maven-3.5.4\repository\org\springframework\boot\spring-boot-starter-data-redis\2.6.0\spring-boot-starter-data-redis-2.6.0.jar;D:\environment\apache-maven-3.5.4\repository\org\springframework\data\spring-data-redis\2.6.0\spring-data-redis-2.6.0.jar;D:\environment\apache-maven-3.5.4\repository\org\springframework\data\spring-data-keyvalue\2.6.0\spring-data-keyvalue-2.6.0.jar;D:\environment\apache-maven-3.5.4\repository\org\springframework\data\spring-data-commons\2.6.0\spring-data-commons-2.6.0.jar;D:\environment\apache-maven-3.5.4\repository\org\springframework\spring-tx\5.3.13\spring-tx-5.3.13.jar;D:\environment\apache-maven-3.5.4\repository\org\springframework\spring-oxm\5.3.13\spring-oxm-5.3.13.jar;D:\environment\apache-maven-3.5.4\repository\org\springframework\spring-context-support\5.3.13\spring-context-support-5.3.13.jar;D:\environment\apache-maven-3.5.4\repository\io\lettuce\lettuce-core\6.1.5.RELEASE\lettuce-core-6.1.5.RELEASE.jar;D:\environment\apache-maven-3.5.4\repository\io\netty\netty-common\4.1.70.Final\netty-common-4.1.70.Final.jar;D:\environment\apache-maven-3.5.4\repository\io\netty\netty-handler\4.1.70.Final\netty-handler-4.1.70.Final.jar;D:\environment\apache-maven-3.5.4\repository\io\netty\netty-resolver\4.1.70.Final\netty-resolver-4.1.70.Final.jar;D:\environment\apache-maven-3.5.4\repository\io\netty\netty-buffer\4.1.70.Final\netty-buffer-4.1.70.Final.jar;D:\environment\apache-maven-3.5.4\repository\io\netty\netty-codec\4.1.70.Final\netty-codec-4.1.70.Final.jar;D:\environment\apache-maven-3.5.4\repository\io\netty\netty-transport\4.1.70.Final\netty-transport-4.1.70.Final.jar;D:\environment\apache-maven-3.5.4\repository\io\projectreactor\reactor-core\3.4.12\reactor-core-3.4.12.jar;D:\environment\apache-maven-3.5.4\repository\org\reactivestreams\reactive-streams\1.0.3\reactive-streams-1.0.3.jar;"/>
    <property name="java.vm.vendor" value="Oracle Corporation"/>
    <property name="sun.arch.data.model" value="64"/>
    <property name="user.variant" value=""/>
    <property name="java.vendor.url" value="http://java.oracle.com/"/>
    <property name="user.timezone" value="Asia/Shanghai"/>
    <property name="java.vm.specification.version" value="1.8"/>
    <property name="os.name" value="Windows 10"/>
    <property name="user.country" value="CN"/>
    <property name="sun.java.launcher" value="SUN_STANDARD"/>
    <property name="sun.boot.library.path" value="D:\environment\jdk\jre\bin"/>
    <property name="sun.java.command" value="C:\Users\admin\AppData\Local\Temp\surefire7307573677472477823\surefirebooter6181368240516633060.jar C:\Users\admin\AppData\Local\Temp\surefire7307573677472477823 2021-12-23T10-22-56_875-jvmRun1 surefire5048416248983477604tmp surefire_04059815186120688178tmp"/>
    <property name="surefire.test.class.path" value="F:\idea2021work\boot-05-web-admin\target\test-classes;F:\idea2021work\boot-05-web-admin\target\classes;D:\environment\apache-maven-3.5.4\repository\org\springframework\boot\spring-boot-starter-thymeleaf\2.6.0\spring-boot-starter-thymeleaf-2.6.0.jar;D:\environment\apache-maven-3.5.4\repository\org\springframework\boot\spring-boot-starter\2.6.0\spring-boot-starter-2.6.0.jar;D:\environment\apache-maven-3.5.4\repository\org\springframework\boot\spring-boot-starter-logging\2.6.0\spring-boot-starter-logging-2.6.0.jar;D:\environment\apache-maven-3.5.4\repository\ch\qos\logback\logback-classic\1.2.7\logback-classic-1.2.7.jar;D:\environment\apache-maven-3.5.4\repository\ch\qos\logback\logback-core\1.2.7\logback-core-1.2.7.jar;D:\environment\apache-maven-3.5.4\repository\org\apache\logging\log4j\log4j-to-slf4j\2.14.1\log4j-to-slf4j-2.14.1.jar;D:\environment\apache-maven-3.5.4\repository\org\apache\logging\log4j\log4j-api\2.14.1\log4j-api-2.14.1.jar;D:\environment\apache-maven-3.5.4\repository\org\slf4j\jul-to-slf4j\1.7.32\jul-to-slf4j-1.7.32.jar;D:\environment\apache-maven-3.5.4\repository\jakarta\annotation\jakarta.annotation-api\1.3.5\jakarta.annotation-api-1.3.5.jar;D:\environment\apache-maven-3.5.4\repository\org\yaml\snakeyaml\1.29\snakeyaml-1.29.jar;D:\environment\apache-maven-3.5.4\repository\org\thymeleaf\thymeleaf-spring5\3.0.12.RELEASE\thymeleaf-spring5-3.0.12.RELEASE.jar;D:\environment\apache-maven-3.5.4\repository\org\thymeleaf\thymeleaf\3.0.12.RELEASE\thymeleaf-3.0.12.RELEASE.jar;D:\environment\apache-maven-3.5.4\repository\org\attoparser\attoparser\2.0.5.RELEASE\attoparser-2.0.5.RELEASE.jar;D:\environment\apache-maven-3.5.4\repository\org\unbescape\unbescape\1.1.6.RELEASE\unbescape-1.1.6.RELEASE.jar;D:\environment\apache-maven-3.5.4\repository\org\thymeleaf\extras\thymeleaf-extras-java8time\3.0.4.RELEASE\thymeleaf-extras-java8time-3.0.4.RELEASE.jar;D:\environment\apache-maven-3.5.4\repository\org\springframework\boot\spring-boot-starter-web\2.6.0\spring-boot-starter-web-2.6.0.jar;D:\environment\apache-maven-3.5.4\repository\org\springframework\boot\spring-boot-starter-json\2.6.0\spring-boot-starter-json-2.6.0.jar;D:\environment\apache-maven-3.5.4\repository\com\fasterxml\jackson\core\jackson-databind\2.13.0\jackson-databind-2.13.0.jar;D:\environment\apache-maven-3.5.4\repository\com\fasterxml\jackson\core\jackson-annotations\2.13.0\jackson-annotations-2.13.0.jar;D:\environment\apache-maven-3.5.4\repository\com\fasterxml\jackson\core\jackson-core\2.13.0\jackson-core-2.13.0.jar;D:\environment\apache-maven-3.5.4\repository\com\fasterxml\jackson\datatype\jackson-datatype-jdk8\2.13.0\jackson-datatype-jdk8-2.13.0.jar;D:\environment\apache-maven-3.5.4\repository\com\fasterxml\jackson\datatype\jackson-datatype-jsr310\2.13.0\jackson-datatype-jsr310-2.13.0.jar;D:\environment\apache-maven-3.5.4\repository\com\fasterxml\jackson\module\jackson-module-parameter-names\2.13.0\jackson-module-parameter-names-2.13.0.jar;D:\environment\apache-maven-3.5.4\repository\org\springframework\boot\spring-boot-starter-tomcat\2.6.0\spring-boot-starter-tomcat-2.6.0.jar;D:\environment\apache-maven-3.5.4\repository\org\apache\tomcat\embed\tomcat-embed-core\9.0.55\tomcat-embed-core-9.0.55.jar;D:\environment\apache-maven-3.5.4\repository\org\apache\tomcat\embed\tomcat-embed-el\9.0.55\tomcat-embed-el-9.0.55.jar;D:\environment\apache-maven-3.5.4\repository\org\apache\tomcat\embed\tomcat-embed-websocket\9.0.55\tomcat-embed-websocket-9.0.55.jar;D:\environment\apache-maven-3.5.4\repository\org\springframework\spring-web\5.3.13\spring-web-5.3.13.jar;D:\environment\apache-maven-3.5.4\repository\org\springframework\spring-beans\5.3.13\spring-beans-5.3.13.jar;D:\environment\apache-maven-3.5.4\repository\org\springframework\spring-webmvc\5.3.13\spring-webmvc-5.3.13.jar;D:\environment\apache-maven-3.5.4\repository\org\springframework\spring-aop\5.3.13\spring-aop-5.3.13.jar;D:\environment\apache-maven-3.5.4\repository\org\springframework\spring-context\5.3.13\spring-context-5.3.13.jar;D:\environment\apache-maven-3.5.4\repository\org\springframework\spring-expression\5.3.13\spring-expression-5.3.13.jar;D:\environment\apache-maven-3.5.4\repository\org\springframework\boot\spring-boot-devtools\2.6.0\spring-boot-devtools-2.6.0.jar;D:\environment\apache-maven-3.5.4\repository\org\springframework\boot\spring-boot\2.6.0\spring-boot-2.6.0.jar;D:\environment\apache-maven-3.5.4\repository\org\springframework\boot\spring-boot-autoconfigure\2.6.0\spring-boot-autoconfigure-2.6.0.jar;D:\environment\apache-maven-3.5.4\repository\org\springframework\boot\spring-boot-configuration-processor\2.6.0\spring-boot-configuration-processor-2.6.0.jar;D:\environment\apache-maven-3.5.4\repository\org\projectlombok\lombok\1.18.22\lombok-1.18.22.jar;D:\environment\apache-maven-3.5.4\repository\org\springframework\boot\spring-boot-starter-test\2.6.0\spring-boot-starter-test-2.6.0.jar;D:\environment\apache-maven-3.5.4\repository\org\springframework\boot\spring-boot-test\2.6.0\spring-boot-test-2.6.0.jar;D:\environment\apache-maven-3.5.4\repository\org\springframework\boot\spring-boot-test-autoconfigure\2.6.0\spring-boot-test-autoconfigure-2.6.0.jar;D:\environment\apache-maven-3.5.4\repository\com\jayway\jsonpath\json-path\2.6.0\json-path-2.6.0.jar;D:\environment\apache-maven-3.5.4\repository\net\minidev\json-smart\2.4.7\json-smart-2.4.7.jar;D:\environment\apache-maven-3.5.4\repository\net\minidev\accessors-smart\2.4.7\accessors-smart-2.4.7.jar;D:\environment\apache-maven-3.5.4\repository\org\ow2\asm\asm\9.1\asm-9.1.jar;D:\environment\apache-maven-3.5.4\repository\jakarta\xml\bind\jakarta.xml.bind-api\2.3.3\jakarta.xml.bind-api-2.3.3.jar;D:\environment\apache-maven-3.5.4\repository\jakarta\activation\jakarta.activation-api\1.2.2\jakarta.activation-api-1.2.2.jar;D:\environment\apache-maven-3.5.4\repository\org\assertj\assertj-core\3.21.0\assertj-core-3.21.0.jar;D:\environment\apache-maven-3.5.4\repository\org\hamcrest\hamcrest\2.2\hamcrest-2.2.jar;D:\environment\apache-maven-3.5.4\repository\org\junit\jupiter\junit-jupiter\5.8.1\junit-jupiter-5.8.1.jar;D:\environment\apache-maven-3.5.4\repository\org\junit\jupiter\junit-jupiter-api\5.8.1\junit-jupiter-api-5.8.1.jar;D:\environment\apache-maven-3.5.4\repository\org\opentest4j\opentest4j\1.2.0\opentest4j-1.2.0.jar;D:\environment\apache-maven-3.5.4\repository\org\junit\platform\junit-platform-commons\1.8.1\junit-platform-commons-1.8.1.jar;D:\environment\apache-maven-3.5.4\repository\org\apiguardian\apiguardian-api\1.1.2\apiguardian-api-1.1.2.jar;D:\environment\apache-maven-3.5.4\repository\org\junit\jupiter\junit-jupiter-params\5.8.1\junit-jupiter-params-5.8.1.jar;D:\environment\apache-maven-3.5.4\repository\org\junit\jupiter\junit-jupiter-engine\5.8.1\junit-jupiter-engine-5.8.1.jar;D:\environment\apache-maven-3.5.4\repository\org\junit\platform\junit-platform-engine\1.8.1\junit-platform-engine-1.8.1.jar;D:\environment\apache-maven-3.5.4\repository\org\mockito\mockito-core\4.0.0\mockito-core-4.0.0.jar;D:\environment\apache-maven-3.5.4\repository\net\bytebuddy\byte-buddy\1.11.22\byte-buddy-1.11.22.jar;D:\environment\apache-maven-3.5.4\repository\net\bytebuddy\byte-buddy-agent\1.11.22\byte-buddy-agent-1.11.22.jar;D:\environment\apache-maven-3.5.4\repository\org\objenesis\objenesis\3.2\objenesis-3.2.jar;D:\environment\apache-maven-3.5.4\repository\org\mockito\mockito-junit-jupiter\4.0.0\mockito-junit-jupiter-4.0.0.jar;D:\environment\apache-maven-3.5.4\repository\org\skyscreamer\jsonassert\1.5.0\jsonassert-1.5.0.jar;D:\environment\apache-maven-3.5.4\repository\com\vaadin\external\google\android-json\0.0.20131108.vaadin1\android-json-0.0.20131108.vaadin1.jar;D:\environment\apache-maven-3.5.4\repository\org\springframework\spring-core\5.3.13\spring-core-5.3.13.jar;D:\environment\apache-maven-3.5.4\repository\org\springframework\spring-jcl\5.3.13\spring-jcl-5.3.13.jar;D:\environment\apache-maven-3.5.4\repository\org\springframework\spring-test\5.3.13\spring-test-5.3.13.jar;D:\environment\apache-maven-3.5.4\repository\org\xmlunit\xmlunit-core\2.8.3\xmlunit-core-2.8.3.jar;D:\environment\apache-maven-3.5.4\repository\mysql\mysql-connector-java\5.1.46\mysql-connector-java-5.1.46.jar;D:\environment\apache-maven-3.5.4\repository\com\alibaba\druid-spring-boot-starter\1.1.17\druid-spring-boot-starter-1.1.17.jar;D:\environment\apache-maven-3.5.4\repository\com\alibaba\druid\1.1.17\druid-1.1.17.jar;D:\environment\apache-maven-3.5.4\repository\org\slf4j\slf4j-api\1.7.32\slf4j-api-1.7.32.jar;D:\environment\apache-maven-3.5.4\repository\com\baomidou\mybatis-plus-boot-starter\3.4.1\mybatis-plus-boot-starter-3.4.1.jar;D:\environment\apache-maven-3.5.4\repository\com\baomidou\mybatis-plus\3.4.1\mybatis-plus-3.4.1.jar;D:\environment\apache-maven-3.5.4\repository\com\baomidou\mybatis-plus-extension\3.4.1\mybatis-plus-extension-3.4.1.jar;D:\environment\apache-maven-3.5.4\repository\com\baomidou\mybatis-plus-core\3.4.1\mybatis-plus-core-3.4.1.jar;D:\environment\apache-maven-3.5.4\repository\com\baomidou\mybatis-plus-annotation\3.4.1\mybatis-plus-annotation-3.4.1.jar;D:\environment\apache-maven-3.5.4\repository\com\github\jsqlparser\jsqlparser\3.2\jsqlparser-3.2.jar;D:\environment\apache-maven-3.5.4\repository\org\mybatis\mybatis\3.5.6\mybatis-3.5.6.jar;D:\environment\apache-maven-3.5.4\repository\org\mybatis\mybatis-spring\2.0.5\mybatis-spring-2.0.5.jar;D:\environment\apache-maven-3.5.4\repository\org\springframework\boot\spring-boot-starter-jdbc\2.6.0\spring-boot-starter-jdbc-2.6.0.jar;D:\environment\apache-maven-3.5.4\repository\com\zaxxer\HikariCP\4.0.3\HikariCP-4.0.3.jar;D:\environment\apache-maven-3.5.4\repository\org\springframework\spring-jdbc\5.3.13\spring-jdbc-5.3.13.jar;D:\environment\apache-maven-3.5.4\repository\org\springframework\boot\spring-boot-starter-data-redis\2.6.0\spring-boot-starter-data-redis-2.6.0.jar;D:\environment\apache-maven-3.5.4\repository\org\springframework\data\spring-data-redis\2.6.0\spring-data-redis-2.6.0.jar;D:\environment\apache-maven-3.5.4\repository\org\springframework\data\spring-data-keyvalue\2.6.0\spring-data-keyvalue-2.6.0.jar;D:\environment\apache-maven-3.5.4\repository\org\springframework\data\spring-data-commons\2.6.0\spring-data-commons-2.6.0.jar;D:\environment\apache-maven-3.5.4\repository\org\springframework\spring-tx\5.3.13\spring-tx-5.3.13.jar;D:\environment\apache-maven-3.5.4\repository\org\springframework\spring-oxm\5.3.13\spring-oxm-5.3.13.jar;D:\environment\apache-maven-3.5.4\repository\org\springframework\spring-context-support\5.3.13\spring-context-support-5.3.13.jar;D:\environment\apache-maven-3.5.4\repository\io\lettuce\lettuce-core\6.1.5.RELEASE\lettuce-core-6.1.5.RELEASE.jar;D:\environment\apache-maven-3.5.4\repository\io\netty\netty-common\4.1.70.Final\netty-common-4.1.70.Final.jar;D:\environment\apache-maven-3.5.4\repository\io\netty\netty-handler\4.1.70.Final\netty-handler-4.1.70.Final.jar;D:\environment\apache-maven-3.5.4\repository\io\netty\netty-resolver\4.1.70.Final\netty-resolver-4.1.70.Final.jar;D:\environment\apache-maven-3.5.4\repository\io\netty\netty-buffer\4.1.70.Final\netty-buffer-4.1.70.Final.jar;D:\environment\apache-maven-3.5.4\repository\io\netty\netty-codec\4.1.70.Final\netty-codec-4.1.70.Final.jar;D:\environment\apache-maven-3.5.4\repository\io\netty\netty-transport\4.1.70.Final\netty-transport-4.1.70.Final.jar;D:\environment\apache-maven-3.5.4\repository\io\projectreactor\reactor-core\3.4.12\reactor-core-3.4.12.jar;D:\environment\apache-maven-3.5.4\repository\org\reactivestreams\reactive-streams\1.0.3\reactive-streams-1.0.3.jar;"/>
    <property name="sun.cpu.endian" value="little"/>
    <property name="user.home" value="C:\Users\admin"/>
    <property name="user.language" value="zh"/>
    <property name="java.specification.vendor" value="Oracle Corporation"/>
    <property name="java.home" value="D:\environment\jdk\jre"/>
    <property name="basedir" value="F:\idea2021work\boot-05-web-admin"/>
    <property name="file.separator" value="\"/>
    <property name="line.separator" value="&#10;"/>
    <property name="java.vm.specification.vendor" value="Oracle Corporation"/>
    <property name="java.specification.name" value="Java Platform API Specification"/>
    <property name="java.awt.graphicsenv" value="sun.awt.Win32GraphicsEnvironment"/>
    <property name="surefire.real.class.path" value="C:\Users\admin\AppData\Local\Temp\surefire7307573677472477823\surefirebooter6181368240516633060.jar"/>
    <property name="sun.boot.class.path" value="D:\environment\jdk\jre\lib\resources.jar;D:\environment\jdk\jre\lib\rt.jar;D:\environment\jdk\jre\lib\sunrsasign.jar;D:\environment\jdk\jre\lib\jsse.jar;D:\environment\jdk\jre\lib\jce.jar;D:\environment\jdk\jre\lib\charsets.jar;D:\environment\jdk\jre\lib\jfr.jar;D:\environment\jdk\jre\classes"/>
    <property name="user.script" value=""/>
    <property name="sun.management.compiler" value="HotSpot 64-Bit Tiered Compilers"/>
    <property name="java.runtime.version" value="1.8.0_152-b16"/>
    <property name="user.name" value="admin"/>
    <property name="path.separator" value=";"/>
    <property name="os.version" value="10.0"/>
    <property name="java.endorsed.dirs" value="D:\environment\jdk\jre\lib\endorsed"/>
    <property name="java.runtime.name" value="Java(TM) SE Runtime Environment"/>
    <property name="file.encoding" value="GBK"/>
    <property name="java.vm.name" value="Java HotSpot(TM) 64-Bit Server VM"/>
    <property name="localRepository" value="D:\environment\apache-maven-3.5.4\repository"/>
    <property name="java.vendor.url.bug" value="http://bugreport.sun.com/bugreport/"/>
    <property name="java.io.tmpdir" value="C:\Users\admin\AppData\Local\Temp\"/>
    <property name="idea.version" value="2021.1"/>
    <property name="java.version" value="1.8.0_152"/>
    <property name="user.dir" value="F:\idea2021work\boot-05-web-admin"/>
    <property name="os.arch" value="amd64"/>
    <property name="java.vm.specification.name" value="Java Virtual Machine Specification"/>
    <property name="java.awt.printerjob" value="sun.awt.windows.WPrinterJob"/>
    <property name="sun.os.patch.level" value=""/>
    <property name="java.library.path" value="D:\environment\jdk\jre\bin;C:\Windows\Sun\Java\bin;C:\Windows\system32;C:\Windows;C:\ProgramData\Oracle\Java\javapath;C:\Windows\system32;C:\Windows;C:\Windows\System32\Wbem;C:\Windows\System32\WindowsPowerShell\v1.0\;C:\Windows\System32\OpenSSH\;D:\environment\jdk\bin;D:\environment\jdk\jre\bin;D:\environment\node.js\;D:\environment\git\PortableGit\cmd;E:\xshell\;D:\environment\apache-maven-3.5.4\bin;D:\environment\mysql\mysql-5.7.26-winx64\bin;C:\Users\admin\AppData\Local\Microsoft\WindowsApps;;E:\idea2021\IntelliJ IDEA 2021.1\bin;;C:\Users\admin\AppData\Roaming\npm;."/>
    <property name="java.vm.info" value="mixed mode"/>
    <property name="java.vendor" value="Oracle Corporation"/>
    <property name="java.vm.version" value="25.152-b16"/>
    <property name="java.ext.dirs" value="D:\environment\jdk\jre\lib\ext;C:\Windows\Sun\Java\lib\ext"/>
    <property name="sun.io.unicode.encoding" value="UnicodeLittle"/>
    <property name="java.class.version" value="52.0"/>
  </properties>
  <testcase name="testRedis" classname="com.atguigu.admin.Boot05WebAdminApplicationTests" time="13.872">
    <error message="Unable to connect to Redis; nested exception is io.lettuce.core.RedisConnectionException: Unable to connect to 192.168.113.101:6379" type="org.springframework.data.redis.RedisConnectionFailureException">org.springframework.data.redis.RedisConnectionFailureException: Unable to connect to Redis; nested exception is io.lettuce.core.RedisConnectionException: Unable to connect to 192.168.113.101:6379
	at com.atguigu.admin.Boot05WebAdminApplicationTests.testRedis(Boot05WebAdminApplicationTests.java:46)
Caused by: io.lettuce.core.RedisConnectionException: Unable to connect to 192.168.113.101:6379
	at com.atguigu.admin.Boot05WebAdminApplicationTests.testRedis(Boot05WebAdminApplicationTests.java:46)
Caused by: io.netty.channel.ConnectTimeoutException: connection timed out: /192.168.113.101:6379
</error>
    <system-out><![CDATA[10:22:59.644 [main] DEBUG org.springframework.test.context.BootstrapUtils - Instantiating CacheAwareContextLoaderDelegate from class [org.springframework.test.context.cache.DefaultCacheAwareContextLoaderDelegate]
10:22:59.665 [main] DEBUG org.springframework.test.context.BootstrapUtils - Instantiating BootstrapContext using constructor [public org.springframework.test.context.support.DefaultBootstrapContext(java.lang.Class,org.springframework.test.context.CacheAwareContextLoaderDelegate)]
10:22:59.740 [main] DEBUG org.springframework.test.context.BootstrapUtils - Instantiating TestContextBootstrapper for test class [com.atguigu.admin.Boot05WebAdminApplicationTests] from class [org.springframework.boot.test.context.SpringBootTestContextBootstrapper]
10:22:59.767 [main] INFO org.springframework.boot.test.context.SpringBootTestContextBootstrapper - Neither @ContextConfiguration nor @ContextHierarchy found for test class [com.atguigu.admin.Boot05WebAdminApplicationTests], using SpringBootContextLoader
10:22:59.774 [main] DEBUG org.springframework.test.context.support.AbstractContextLoader - Did not detect default resource location for test class [com.atguigu.admin.Boot05WebAdminApplicationTests]: class path resource [com/atguigu/admin/Boot05WebAdminApplicationTests-context.xml] does not exist
10:22:59.775 [main] DEBUG org.springframework.test.context.support.AbstractContextLoader - Did not detect default resource location for test class [com.atguigu.admin.Boot05WebAdminApplicationTests]: class path resource [com/atguigu/admin/Boot05WebAdminApplicationTestsContext.groovy] does not exist
10:22:59.777 [main] INFO org.springframework.test.context.support.AbstractContextLoader - Could not detect default resource locations for test class [com.atguigu.admin.Boot05WebAdminApplicationTests]: no resource found for suffixes {-context.xml, Context.groovy}.
10:22:59.779 [main] INFO org.springframework.test.context.support.AnnotationConfigContextLoaderUtils - Could not detect default configuration classes for test class [com.atguigu.admin.Boot05WebAdminApplicationTests]: Boot05WebAdminApplicationTests does not declare any static, non-private, non-final, nested classes annotated with @Configuration.
10:22:59.903 [main] DEBUG org.springframework.test.context.support.ActiveProfilesUtils - Could not find an 'annotation declaring class' for annotation type [org.springframework.test.context.ActiveProfiles] and class [com.atguigu.admin.Boot05WebAdminApplicationTests]
10:23:00.111 [main] DEBUG org.springframework.context.annotation.ClassPathScanningCandidateComponentProvider - Identified candidate component class: file [F:\idea2021work\boot-05-web-admin\target\classes\com\atguigu\admin\Boot05WebAdminApplication.class]
10:23:00.113 [main] INFO org.springframework.boot.test.context.SpringBootTestContextBootstrapper - Found @SpringBootConfiguration com.atguigu.admin.Boot05WebAdminApplication for test class com.atguigu.admin.Boot05WebAdminApplicationTests
10:23:00.321 [main] DEBUG org.springframework.boot.test.context.SpringBootTestContextBootstrapper - @TestExecutionListeners is not present for class [com.atguigu.admin.Boot05WebAdminApplicationTests]: using defaults.
10:23:00.322 [main] INFO org.springframework.boot.test.context.SpringBootTestContextBootstrapper - Loaded default TestExecutionListener class names from location [META-INF/spring.factories]: [org.springframework.boot.test.mock.mockito.MockitoTestExecutionListener, org.springframework.boot.test.mock.mockito.ResetMocksTestExecutionListener, org.springframework.boot.test.autoconfigure.restdocs.RestDocsTestExecutionListener, org.springframework.boot.test.autoconfigure.web.client.MockRestServiceServerResetTestExecutionListener, org.springframework.boot.test.autoconfigure.web.servlet.MockMvcPrintOnlyOnFailureTestExecutionListener, org.springframework.boot.test.autoconfigure.web.servlet.WebDriverTestExecutionListener, org.springframework.boot.test.autoconfigure.webservices.client.MockWebServiceServerTestExecutionListener, org.springframework.test.context.web.ServletTestExecutionListener, org.springframework.test.context.support.DirtiesContextBeforeModesTestExecutionListener, org.springframework.test.context.event.ApplicationEventsTestExecutionListener, org.springframework.test.context.support.DependencyInjectionTestExecutionListener, org.springframework.test.context.support.DirtiesContextTestExecutionListener, org.springframework.test.context.transaction.TransactionalTestExecutionListener, org.springframework.test.context.jdbc.SqlScriptsTestExecutionListener, org.springframework.test.context.event.EventPublishingTestExecutionListener]
10:23:00.354 [main] INFO org.springframework.boot.test.context.SpringBootTestContextBootstrapper - Using TestExecutionListeners: [org.springframework.test.context.web.ServletTestExecutionListener@1be2019a, org.springframework.test.context.support.DirtiesContextBeforeModesTestExecutionListener@29d80d2b, org.springframework.test.context.event.ApplicationEventsTestExecutionListener@58e1d9d, org.springframework.boot.test.mock.mockito.MockitoTestExecutionListener@446a1e84, org.springframework.boot.test.autoconfigure.SpringBootDependencyInjectionTestExecutionListener@4f0f2942, org.springframework.test.context.support.DirtiesContextTestExecutionListener@2657d4dd, org.springframework.test.context.transaction.TransactionalTestExecutionListener@5340477f, org.springframework.test.context.jdbc.SqlScriptsTestExecutionListener@47caedad, org.springframework.test.context.event.EventPublishingTestExecutionListener@7139992f, org.springframework.boot.test.mock.mockito.ResetMocksTestExecutionListener@69504ae9, org.springframework.boot.test.autoconfigure.restdocs.RestDocsTestExecutionListener@387a8303, org.springframework.boot.test.autoconfigure.web.client.MockRestServiceServerResetTestExecutionListener@28cda624, org.springframework.boot.test.autoconfigure.web.servlet.MockMvcPrintOnlyOnFailureTestExecutionListener@1500b2f3, org.springframework.boot.test.autoconfigure.web.servlet.WebDriverTestExecutionListener@7eecb5b8, org.springframework.boot.test.autoconfigure.webservices.client.MockWebServiceServerTestExecutionListener@126253fd]
10:23:00.363 [main] DEBUG org.springframework.test.context.support.AbstractDirtiesContextTestExecutionListener - Before test class: context [DefaultTestContext@169bb4dd testClass = Boot05WebAdminApplicationTests, testInstance = [null], testMethod = [null], testException = [null], mergedContextConfiguration = [WebMergedContextConfiguration@1f9e9475 testClass = Boot05WebAdminApplicationTests, locations = '{}', classes = '{class com.atguigu.admin.Boot05WebAdminApplication}', contextInitializerClasses = '[]', activeProfiles = '{}', propertySourceLocations = '{}', propertySourceProperties = '{org.springframework.boot.test.context.SpringBootTestContextBootstrapper=true}', contextCustomizers = set[org.springframework.boot.test.context.filter.ExcludeFilterContextCustomizer@14cd1699, org.springframework.boot.test.json.DuplicateJsonObjectContextCustomizerFactory$DuplicateJsonObjectContextCustomizer@71d44a3, org.springframework.boot.test.mock.mockito.MockitoContextCustomizer@0, org.springframework.boot.test.web.client.TestRestTemplateContextCustomizer@62379589, org.springframework.boot.test.autoconfigure.actuate.metrics.MetricsExportContextCustomizerFactory$DisableMetricExportContextCustomizer@7c7a06ec, org.springframework.boot.test.autoconfigure.properties.PropertyMappingContextCustomizer@0, org.springframework.boot.test.autoconfigure.web.servlet.WebDriverContextCustomizerFactory$Customizer@5542c4ed, org.springframework.boot.test.context.SpringBootTestArgs@1, org.springframework.boot.test.context.SpringBootTestWebEnvironment@6d4b1c02], resourceBasePath = 'src/main/webapp', contextLoader = 'org.springframework.boot.test.context.SpringBootContextLoader', parent = [null]], attributes = map['org.springframework.test.context.web.ServletTestExecutionListener.activateListener' -> true]], class annotated with @DirtiesContext [false] with mode [null].
10:23:00.478 [main] DEBUG org.springframework.boot.ApplicationServletEnvironment - Activating profiles []
10:23:00.487 [main] DEBUG org.springframework.test.context.support.TestPropertySourceUtils - Adding inlined properties to environment: {spring.jmx.enabled=false, org.springframework.boot.test.context.SpringBootTestContextBootstrapper=true}

  .   ____          _            __ _ _
 /\\ / ___'_ __ _ _(_)_ __  __ _ \ \ \ \
( ( )\___ | '_ | '_| | '_ \/ _` | \ \ \ \
 \\/  ___)| |_)| | | | | || (_| |  ) ) ) )
  '  |____| .__|_| |_|_| |_\__, | / / / /
 =========|_|==============|___/=/_/_/_/
 :: Spring Boot ::                (v2.6.0)

2021-12-23 10:23:01.239  INFO 18928 --- [           main] c.a.a.Boot05WebAdminApplicationTests     : Starting Boot05WebAdminApplicationTests using Java 1.8.0_152 on DESKTOP-065E9N6 with PID 18928 (started by admin in F:\idea2021work\boot-05-web-admin)
2021-12-23 10:23:01.243  INFO 18928 --- [           main] c.a.a.Boot05WebAdminApplicationTests     : No active profile set, falling back to default profiles: default
2021-12-23 10:23:03.180  INFO 18928 --- [           main] .s.d.r.c.RepositoryConfigurationDelegate : Multiple Spring Data modules found, entering strict repository configuration mode!
2021-12-23 10:23:03.188  INFO 18928 --- [           main] .s.d.r.c.RepositoryConfigurationDelegate : Bootstrapping Spring Data Redis repositories in DEFAULT mode.
2021-12-23 10:23:03.250  INFO 18928 --- [           main] .s.d.r.c.RepositoryConfigurationDelegate : Finished Spring Data repository scanning in 30 ms. Found 0 Redis repository interfaces.
2021-12-23 10:23:04.023  INFO 18928 --- [           main] trationDelegate$BeanPostProcessorChecker : Bean 'com.alibaba.druid.spring.boot.autoconfigure.stat.DruidSpringAopConfiguration' of type [com.alibaba.druid.spring.boot.autoconfigure.stat.DruidSpringAopConfiguration] is not eligible for getting processed by all BeanPostProcessors (for example: not eligible for auto-proxying)
2021-12-23 10:23:04.214  INFO 18928 --- [           main] trationDelegate$BeanPostProcessorChecker : Bean 'spring.datasource.druid-com.alibaba.druid.spring.boot.autoconfigure.properties.DruidStatProperties' of type [com.alibaba.druid.spring.boot.autoconfigure.properties.DruidStatProperties] is not eligible for getting processed by all BeanPostProcessors (for example: not eligible for auto-proxying)
2021-12-23 10:23:04.242  INFO 18928 --- [           main] trationDelegate$BeanPostProcessorChecker : Bean 'advisor' of type [org.springframework.aop.support.RegexpMethodPointcutAdvisor] is not eligible for getting processed by all BeanPostProcessors (for example: not eligible for auto-proxying)
2021-12-23 10:23:06.097  INFO 18928 --- [           main] c.a.d.s.b.a.DruidDataSourceAutoConfigure : Init DruidDataSource
2021-12-23 10:23:06.730  INFO 18928 --- [           main] com.alibaba.druid.pool.DruidDataSource   : {dataSource-1} inited
 _ _   |_  _ _|_. ___ _ |    _ 
| | |\/|_)(_| | |_\  |_)||_|_\ 
     /               |         
                        3.4.1 
2021-12-23 10:23:11.812  INFO 18928 --- [           main] c.a.a.Boot05WebAdminApplicationTests     : Started Boot05WebAdminApplicationTests in 11.322 seconds (JVM running for 13.763)
]]></system-out>
  </testcase>
  <testcase name="testUserMapper" classname="com.atguigu.admin.Boot05WebAdminApplicationTests" time="1.424"/>
  <testcase name="contextLoads" classname="com.atguigu.admin.Boot05WebAdminApplicationTests" time="0.1"/>
</testsuite>